lib/build/outputs/logs/manifest-merger-debug-report.txt
-- Merging decision tree log ---
manifest
ADDED from Outstagram/lib/AndroidManifest.xml:2:1-3:12
INJECTED from Outstagram/lib/AndroidManifest.xml:2:1-3:12
INJECTED from Outstagram/lib/AndroidManifest.xml:2:1-3:12
	package
		ADDED from Outstagram/lib/AndroidManifest.xml:2:11-30
		INJECTED from Outstagram/lib/AndroidManifest.xml
		INJECTED from Outstagram/lib/AndroidManifest.xml